<?xml version="1.0" encoding="UTF-8"?>
<coverage generated="1588393186707" clover="3.2.0">
  <project timestamp="1588393186707" name="All files">
    <metrics statements="11" coveredstatements="11" conditionals="0" coveredconditionals="0" methods="3" coveredmethods="3" elements="14" coveredelements="14" complexity="0" loc="11" ncloc="11" packages="1" files="1" classes="1"/>
    <file name="dbManager.js" path="/Users/aryrosvall/Sites/kaizen-backend/__test__/dbManager.js">
      <metrics statements="11" coveredstatements="11" conditionals="0" coveredconditionals="0" methods="3" coveredmethods="3"/>
      <line num="1" count="1" type="stmt"/>
      <line num="2" count="1" type="stmt"/>
      <line num="6" count="1" type="stmt"/>
      <line num="7" count="1" type="stmt"/>
      <line num="8" count="1" type="stmt"/>
      <line num="13" count="1" type="stmt"/>
      <line num="14" count="1" type="stmt"/>
      <line num="18" count="1" type="stmt"/>
      <line num="23" count="1" type="stmt"/>
      <line num="24" count="1" type="stmt"/>
      <line num="28" count="1" type="stmt"/>
    </file>
  </project>
</coverage>
